<?xml version="1.0" encoding="UTF-8"?>
<testng-results ignored="0" total="1" passed="1" failed="0" skipped="0">
  <reporter-output>
  </reporter-output>
  <suite started-at="2021-06-14T13:31:41 EET" name="Default suite" finished-at="2021-06-14T13:31:46 EET" duration-ms="4758">
    <groups>
    </groups>
    <test started-at="2021-06-14T13:31:41 EET" name="Default test" finished-at="2021-06-14T13:31:46 EET" duration-ms="4758">
      <class name="workingWithElements.DragAndDrop">
        <test-method is-config="true" signature="StartDriver(java.lang.String)[pri:0, instance:workingWithElements.DragAndDrop@5026735c]" started-at="2021-06-14T13:31:41 EET" name="StartDriver" finished-at="2021-06-14T13:31:45 EET" duration-ms="4244" status="PASS">
          <params>
            <param index="0">
              <value>
                <![CDATA[chrome]]>
              </value>
            </param>
          </params>
          <reporter-output>
          </reporter-output>
        </test-method> <!-- StartDriver -->
        <test-method signature="dragAndDrop()[pri:0, instance:workingWithElements.DragAndDrop@5026735c]" started-at="2021-06-14T13:31:45 EET" name="dragAndDrop" finished-at="2021-06-14T13:31:46 EET" duration-ms="346" status="PASS">
          <reporter-output>
          </reporter-output>
        </test-method> <!-- dragAndDrop -->
        <test-method is-config="true" signature="Close()[pri:0, instance:workingWithElements.DragAndDrop@5026735c]" started-at="2021-06-14T13:31:46 EET" name="Close" finished-at="2021-06-14T13:31:46 EET" duration-ms="81" status="PASS">
          <reporter-output>
          </reporter-output>
        </test-method> <!-- Close -->
      </class> <!-- workingWithElements.DragAndDrop -->
    </test> <!-- Default test -->
  </suite> <!-- Default suite -->
</testng-results>
